android/build/intermediates/manifest_merge_blame_file/debug/manifest-merger-blame-debug-report.txt
1<?xml version="1.0" encoding="utf-8"?>
2<manifest xmlns:android="http://schemas.android.com/apk/res/android"
3    package="com.epicshaggy.biometric.capacitornativebiometric" >
4
5    <uses-sdk
6        android:minSdkVersion="23"
6-->src\main\AndroidManifest.xml
7        android:targetSdkVersion="30" />
7-->src\main\AndroidManifest.xml
8
9    <application>
9-->src\main\AndroidManifest.xml:5:5-10:19
10        <activity
10-->src\main\AndroidManifest.xml:6:9-9:68
11            android:name="com.epicshaggy.biometric.AuthAcitivy"
11-->src\main\AndroidManifest.xml:7:13-64
12            android:label="@string/title_activity_auth_acitivy"
12-->src\main\AndroidManifest.xml:8:13-64
13            android:theme="@style/AppTheme.Transparent" />
13-->src\main\AndroidManifest.xml:9:13-56
14    </application>
15
16</manifest>